time="2026-03-24T21:10:23Z" level=warning msg="/home/veins/fedits-tool/docker/docker-compose.yml: the attribute `version` is obsolete, it will be ignored, please remove it to avoid potential confusion"
 Image docker-fl_server Building 
 Image docker-fl_client Building 
 Image docker-orchestrator Building 
#1 [internal] load local bake definitions
#1 reading from stdin 1.40kB done
#1 DONE 0.0s

#2 [orchestrator internal] load build definition from Dockerfile.server
#2 transferring dockerfile:
#2 transferring dockerfile: 701B 0.1s done
#2 transferring dockerfile: 701B 0.1s done
#2 DONE 0.9s

#3 [fl_client internal] load build definition from Dockerfile.client
#3 transferring dockerfile: 534B 0.1s done
#3 DONE 1.7s

#4 [orchestrator internal] load metadata for docker.io/library/python:3.11-slim
#4 DONE 3.0s

#5 [fl_client internal] load .dockerignore
#5 transferring context:
#5 transferring context: 97B 0.1s done
#5 DONE 0.4s

#6 [orchestrator internal] load build context
#6 transferring context: 6.22MB 0.7s done
#6 DONE 3.9s

#7 [fl_client 1/6] FROM docker.io/library/python:3.11-slim@sha256:9358444059ed78e2975ada2c189f1c1a3144a5dab6f35bff8c981afb38946634
#7 resolve docker.io/library/python:3.11-slim@sha256:9358444059ed78e2975ada2c189f1c1a3144a5dab6f35bff8c981afb38946634
#7 resolve docker.io/library/python:3.11-slim@sha256:9358444059ed78e2975ada2c189f1c1a3144a5dab6f35bff8c981afb38946634 7.2s done
#7 resolve docker.io/library/python:3.11-slim@sha256:9358444059ed78e2975ada2c189f1c1a3144a5dab6f35bff8c981afb38946634 7.2s done
#7 DONE 7.9s

#8 [orchestrator 3/6] COPY requirements.txt .
#8 CACHED

#9 [orchestrator 4/6] RUN pip install --no-cache-dir torch==2.2.0 torchvision==0.17.0 --index-url https://download.pytorch.org/whl/cpu
#9 CACHED

#10 [orchestrator 2/6] WORKDIR /app
#10 CACHED

#11 [orchestrator 5/6] RUN pip install --no-cache-dir -r requirements.txt
#11 CACHED

#12 [orchestrator 6/6] COPY . /app
#12 DONE 11.4s

#13 [orchestrator] exporting to image
#13 exporting layers
#13 ...

#14 [fl_server] exporting to image
#14 ...

#15 [fl_client] exporting to image
#15 ...

#14 [fl_server] exporting to image
#14 exporting layers 35.5s done
#14 exporting manifest sha256:feae7442fac7201b4a6683aa20249646fea2e89f67842f99139f444c48856b04
#14 exporting manifest sha256:feae7442fac7201b4a6683aa20249646fea2e89f67842f99139f444c48856b04 0.2s done
#14 exporting config sha256:659f11a976ec0ce192f8271c1c02b048457c828e990b1b02093dc926a02672d7
#14 exporting config sha256:659f11a976ec0ce192f8271c1c02b048457c828e990b1b02093dc926a02672d7 0.2s done
#14 exporting attestation manifest sha256:71d0ba3522feadf2951306fe945cb53099c5e93d48ed4215fc10920687ed3fba
#14 exporting attestation manifest sha256:71d0ba3522feadf2951306fe945cb53099c5e93d48ed4215fc10920687ed3fba 0.3s done
#14 exporting manifest list sha256:51dbdb368ab1e03ca83e8f78018eaa603221312607ebc19fca8f28f25e90542e
#14 exporting manifest list sha256:51dbdb368ab1e03ca83e8f78018eaa603221312607ebc19fca8f28f25e90542e 0.2s done
#14 naming to docker.io/library/docker-fl_server:latest
#14 naming to docker.io/library/docker-fl_server:latest 0.2s done
#14 unpacking to docker.io/library/docker-fl_server:latest
#14 ...

#13 [orchestrator] exporting to image
#13 exporting layers 35.5s done
#13 exporting manifest sha256:157202e06f5ecf2d13444b051e8669707a20060aee90a8e74f800ea3f10109ae 0.2s done
#13 exporting config sha256:6eb61f9ff3c1485c3301d51c4de5c0fc839b20c37e6f633e247da0210c52868c 0.2s done
#13 exporting attestation manifest sha256:0ae4b697885407118be8946d6834222bc417313965c568301a7399fe3d757679 0.2s done
#13 exporting manifest list sha256:7d772fb6d76ef94beb8b66181b4868fe45ae53ced129214e3264d4b2c7e957b9 0.2s done
#13 naming to docker.io/library/docker-orchestrator:latest 0.3s done
#13 unpacking to docker.io/library/docker-orchestrator:latest
#13 ...

#15 [fl_client] exporting to image
#15 exporting layers 35.5s done
#15 exporting manifest sha256:626f5e43d9602057540165cf1e470e0a01fc2bbd96ebaa54d4fe6e0102bcb8e6 0.2s done
#15 exporting config sha256:0bab3b07aac7df896428d5254870a5a6f467e2dd475f7b0b97bf7db70285a9aa 0.2s done
#15 exporting attestation manifest sha256:f0ae642d03cf68aff5aea3c3b2993f94f18d2ae29d9f6398839473b99daeaf88 0.3s done
#15 exporting manifest list sha256:c598a1b3c3e813aff2d9bafaa2643838c5eec08f0ff8b2bd5a3c760cd4d19012 0.2s done
#15 naming to docker.io/library/docker-fl_client:latest 0.1s done
#15 unpacking to docker.io/library/docker-fl_client:latest
#15 unpacking to docker.io/library/docker-fl_client:latest 109.5s done
#15 ...

#13 [orchestrator] exporting to image
#13 unpacking to docker.io/library/docker-orchestrator:latest 109.4s done
#13 ...

#15 [fl_client] exporting to image
#15 DONE 146.7s

#14 [fl_server] exporting to image
#14 unpacking to docker.io/library/docker-fl_server:latest 109.5s done
#14 DONE 146.9s

#13 [orchestrator] exporting to image
#13 DONE 147.1s

#16 [fl_client] resolving provenance for metadata file
#16 ...

#17 [fl_server] resolving provenance for metadata file
#17 DONE 0.5s

#16 [fl_client] resolving provenance for metadata file
#16 DONE 0.7s

#18 [orchestrator] resolving provenance for metadata file
#18 DONE 0.1s
 Image docker-fl_client Built 
 Image docker-orchestrator Built 
 Image docker-fl_server Built 
 Network docker_default Creating 
 Network docker_default Created 
 Container orchestrator Creating 
 Container orchestrator Created 
 Container fl_server Creating 
 Container fl_server Created 
 Container docker-fl_client-10 Creating 
 Container docker-fl_client-5 Creating 
 Container docker-fl_client-4 Creating 
 Container docker-fl_client-6 Creating 
 Container docker-fl_client-7 Creating 
 Container docker-fl_client-8 Creating 
 Container docker-fl_client-1 Creating 
 Container docker-fl_client-9 Creating 
 Container docker-fl_client-2 Creating 
 Container docker-fl_client-3 Creating 
 Container docker-fl_client-10 Created 
 Container docker-fl_client-4 Created 
 Container docker-fl_client-6 Created 
 Container docker-fl_client-8 Created 
 Container docker-fl_client-9 Created 
 Container docker-fl_client-1 Created 
 Container docker-fl_client-7 Created 
 Container docker-fl_client-5 Created 
 Container docker-fl_client-2 Created 
 Container docker-fl_client-3 Created 
Attaching to fl_client-1, fl_client-10, fl_client-2, fl_client-3, fl_client-4, fl_client-5, fl_client-6, fl_client-7, fl_client-8, fl_client-9, fl_server, orchestrator
 Container orchestrator Starting 
 Container orchestrator Started 
 Container fl_server Starting 
orchestrator  | [orch-core] partitions ready: /app/outputs/partitions/cifar10_N100_seed42_dirichlet_a0.3.json
orchestrator  | [orch-core] run_id=20260324_211341 out=outputs/runs/20260324_211341 veins_mode=rpc
orchestrator  | [orch-service] listening on http://0.0.0.0:7070
 Container fl_server Started 
 Container docker-fl_client-8 Starting 
 Container docker-fl_client-8 Started 
 Container docker-fl_client-2 Starting 
orchestrator  | 172.18.0.3 - - [24/Mar/2026 21:13:42] "GET /health HTTP/1.1" 200 -
fl_server     | [server] logging enabled: /app/outputs/runs/20260324_211341
fl_server     | [server] streamlit: choose Run directory (host): outputs/runs/20260324_211341
 Container docker-fl_client-2 Started 
 Container docker-fl_client-9 Starting 
orchestrator  | 172.18.0.3 - - [24/Mar/2026 21:13:43] "GET /health HTTP/1.1" 200 -
fl_server     | [93mWARNING [0m:   DEPRECATED FEATURE: flwr.server.start_server() is deprecated.
fl_server     | 	Instead, use the `flower-superlink` CLI command to start a SuperLink as shown below:
fl_server     | 
fl_server     | 		$ flower-superlink --insecure
fl_server     | 
fl_server     | 	To view usage and all available options, run:
fl_server     | 
fl_server     | 		$ flower-superlink --help
fl_server     | 
fl_server     | 	Using `start_server()` is deprecated.
fl_server     | 
fl_server     |             This is a deprecated feature. It will be removed
fl_server     |             entirely in future versions of Flower.
fl_server     |         
fl_server     | [92mINFO [0m:      Starting Flower server, config: num_rounds=10, no round_timeout
fl_server     | [server] Orchestrator health: {'ok': True, 'run_id': '20260324_211341', 't_sim': 0.0}
fl_server     | [92mINFO [0m:      Flower ECE: gRPC server running (10 rounds), SSL is disabled
fl_server     | [92mINFO [0m:      [INIT]
fl_server     | [92mINFO [0m:      Using initial global parameters provided by strategy
fl_server     | [92mINFO [0m:      Starting evaluation of initial global parameters
fl_server     | [92mINFO [0m:      Evaluation returned no results (`None`)
fl_server     | [92mINFO [0m:      
fl_server     | [92mINFO [0m:      [ROUND 1]
fl_server     | [round 1] waiting for >= 1 clients (timeout=60s) ...
 Container docker-fl_client-9 Started 
 Container docker-fl_client-3 Starting 
fl_client-8   | Files already downloaded and verified
fl_client-2   | Files already downloaded and verified
fl_client-8   | [93mWARNING [0m:   DEPRECATED FEATURE: flwr.client.start_client() is deprecated.
fl_client-8   | 	Instead, use the `flower-supernode` CLI command to start a SuperNode as shown below:
fl_client-8   | 
fl_client-8   | 		$ flower-supernode --insecure --superlink='<IP>:<PORT>'
fl_client-8   | 
fl_client-8   | 	To view all available options, run:
fl_client-8   | 
fl_client-8   | 		$ flower-supernode --help
fl_client-8   | 
fl_client-8   | 	Using `start_client()` is deprecated.
fl_client-8   | 
fl_client-8   |             This is a deprecated feature. It will be removed
fl_client-8   |             entirely in future versions of Flower.
fl_client-8   |         
orchestrator  | [orch-core] Fetching CI from Electricity Maps (ES)...
orchestrator  | [orch-core] API Success: CI=134.0
orchestrator  | --- [DEBUG] Round 1 Start (t=0.0) ---
orchestrator  | --- [DEBUG] Asking Veins for vehicles at t=0.0...
orchestrator  | --- [RPC DEBUG] Connecting to 172.17.0.1:10001 ...
orchestrator  | --- [RPC DEBUG] Sending: {"cmd": "get_state", "t": 0.0}
orchestrator  | --- [RPC DEBUG] Received raw: {"cmd":"get_state","ok":true,"t_sim":0.0,"vehicles":{}}
orchestrator  | [Round 1] Debug: Veins_in_range=0, Flower_connected=1
orchestrator  | --- [DEBUG] Veins response: Total Vehicles=0, In-Range (Radius=500.0)=0
orchestrator  | 172.18.0.3 - - [24/Mar/2026 21:13:46] "POST /v1/round/configure_fit HTTP/1.1" 200 -
fl_server     | [round 1] no clients selected (orch empty). finalize to advance time.
orchestrator  | --- [RPC DEBUG] Connecting to 172.17.0.1:10001 ...
orchestrator  | --- [RPC DEBUG] Sending: {"cmd": "simulate_uplink", "veh_ids": [], "start_times": {}, "size_bytes": 0, "deadline": 25.0}
 Container docker-fl_client-3 Started 
 Container docker-fl_client-6 Starting 
fl_client-2   | [93mWARNING [0m:   DEPRECATED FEATURE: flwr.client.start_client() is deprecated.
fl_client-2   | 	Instead, use the `flower-supernode` CLI command to start a SuperNode as shown below:
fl_client-2   | 
fl_client-2   | 		$ flower-supernode --insecure --superlink='<IP>:<PORT>'
fl_client-2   | 
fl_client-2   | 	To view all available options, run:
fl_client-2   | 
fl_client-2   | 		$ flower-supernode --help
fl_client-2   | 
fl_client-2   | 	Using `start_client()` is deprecated.
fl_client-2   | 
fl_client-2   |             This is a deprecated feature. It will be removed
fl_client-2   |             entirely in future versions of Flower.
fl_client-2   |         
fl_client-9   | Files already downloaded and verified
fl_client-9   | [93mWARNING [0m:   DEPRECATED FEATURE: flwr.client.start_client() is deprecated.
fl_client-9   | 	Instead, use the `flower-supernode` CLI command to start a SuperNode as shown below:
fl_client-9   | 
fl_client-9   | 		$ flower-supernode --insecure --superlink='<IP>:<PORT>'
fl_client-9   | 
fl_client-9   | 	To view all available options, run:
fl_client-9   | 
fl_client-9   | 		$ flower-supernode --help
fl_client-9   | 
fl_client-9   | 	Using `start_client()` is deprecated.
fl_client-9   | 
fl_client-9   |             This is a deprecated feature. It will be removed
fl_client-9   |             entirely in future versions of Flower.
fl_client-9   |         
 Container docker-fl_client-6 Started 
 Container docker-fl_client-7 Starting 
fl_client-3   | Files already downloaded and verified
fl_client-3   | [93mWARNING [0m:   DEPRECATED FEATURE: flwr.client.start_client() is deprecated.
fl_client-3   | 	Instead, use the `flower-supernode` CLI command to start a SuperNode as shown below:
fl_client-3   | 
fl_client-3   | 		$ flower-supernode --insecure --superlink='<IP>:<PORT>'
fl_client-3   | 
fl_client-3   | 	To view all available options, run:
fl_client-3   | 
fl_client-3   | 		$ flower-supernode --help
fl_client-3   | 
fl_client-3   | 	Using `start_client()` is deprecated.
fl_client-3   | 
fl_client-3   |             This is a deprecated feature. It will be removed
fl_client-3   |             entirely in future versions of Flower.
fl_client-3   |         
 Container docker-fl_client-7 Started 
 Container docker-fl_client-10 Starting 
fl_client-6   | Files already downloaded and verified
fl_client-6   | [93mWARNING [0m:   DEPRECATED FEATURE: flwr.client.start_client() is deprecated.
fl_client-6   | 	Instead, use the `flower-supernode` CLI command to start a SuperNode as shown below:
fl_client-6   | 
fl_client-6   | 		$ flower-supernode --insecure --superlink='<IP>:<PORT>'
fl_client-6   | 
fl_client-6   | 	To view all available options, run:
fl_client-6   | 
fl_client-6   | 		$ flower-supernode --help
fl_client-6   | 
fl_client-6   | 	Using `start_client()` is deprecated.
fl_client-6   | 
fl_client-6   |             This is a deprecated feature. It will be removed
fl_client-6   |             entirely in future versions of Flower.
fl_client-6   |         
 Container docker-fl_client-10 Started 
 Container docker-fl_client-4 Starting 
fl_client-7   | Files already downloaded and verified
fl_client-7   | [93mWARNING [0m:   DEPRECATED FEATURE: flwr.client.start_client() is deprecated.
fl_client-7   | 	Instead, use the `flower-supernode` CLI command to start a SuperNode as shown below:
fl_client-7   | 
fl_client-7   | 		$ flower-supernode --insecure --superlink='<IP>:<PORT>'
fl_client-7   | 
fl_client-7   | 	To view all available options, run:
fl_client-7   | 
fl_client-7   | 		$ flower-supernode --help
fl_client-7   | 
fl_client-7   | 	Using `start_client()` is deprecated.
fl_client-7   | 
fl_client-7   |             This is a deprecated feature. It will be removed
fl_client-7   |             entirely in future versions of Flower.
fl_client-7   |         
 Container docker-fl_client-4 Started 
 Container docker-fl_client-5 Starting 
orchestrator  | --- [RPC DEBUG] Received raw: {"cmd":"simulate_uplink","deadline":25.0,"ok":true,"results":{},"t_sim":25.0}
orchestrator  | 172.18.0.3 - - [24/Mar/2026 21:13:57] "POST /v1/round/finalize HTTP/1.1" 200 -
fl_server     | [92mINFO [0m:      configure_fit: no clients selected, cancel
fl_server     | [92mINFO [0m:      configure_evaluate: no clients selected, skipping evaluation
fl_server     | [92mINFO [0m:      
fl_server     | [92mINFO [0m:      [ROUND 2]
fl_server     | [round 2] waiting for >= 1 clients (timeout=60s) ...
fl_server     | [round 2] no clients selected (orch empty). finalize to advance time.
orchestrator  | 172.18.0.3 - - [24/Mar/2026 21:13:57] "POST /v1/round/configure_fit HTTP/1.1" 200 -
orchestrator  | --- [DEBUG] Round 2 Start (t=25.0) ---
orchestrator  | --- [DEBUG] Asking Veins for vehicles at t=25.0...
orchestrator  | --- [RPC DEBUG] Connecting to 172.17.0.1:10001 ...
orchestrator  | --- [RPC DEBUG] Sending: {"cmd": "get_state", "t": 25.0}
orchestrator  | --- [RPC DEBUG] Received raw: {"cmd":"get_state","ok":true,"t_sim":25.0,"vehicles":{"flow0.0":{"in_range":false,"x_m":2437.217314758338,"y_m":1747.3162704221904},"flow0.1":{"in_range":false,"x_m":2431.3031180431135,"y_m":1708.3978488175198},"flow0.2":{"in_range":false,"x_m":2411.469456295017,"y_m":1699.8600832689553},"flow0.3":{"in_range":false,"x_m":2373.9023366699694,"y_m":1695.9020503219217},"flow0.4":{"in_range":false,"x_m":2333.9513923900668,"y_m":1665.1186078088358},"flow0.5":{"in_range":false,"x_m":2349.379071481526,"y_m":1640.0795225165784},"flow0.6":{"in_range":false,"x_m":2380.6475507467985,"y_m":1608.408860734664},"flow0.7":{"in_range":false,"x_m":2401.934495806112,"y_m":1586.8481179941446},"flow0.8":{"in_range":false,"x_m":2414.8775742605794,"y_m":1578.4503688178957}}}
orchestrator  | [Round 2] Debug: Veins_in_range=0, Flower_connected=6
orchestrator  | --- [DEBUG] Veins response: Total Vehicles=9, In-Range (Radius=500.0)=0
orchestrator  | --- [DEBUG] Sample Vehicle Pos: x=2437.217314758338, y=1747.3162704221904
orchestrator  | --- [RPC DEBUG] Connecting to 172.17.0.1:10001 ...
orchestrator  | --- [RPC DEBUG] Sending: {"cmd": "simulate_uplink", "veh_ids": [], "start_times": {}, "size_bytes": 0, "deadline": 50.0}
fl_client-10  | Files already downloaded and verified
orchestrator  | --- [RPC DEBUG] Received raw: {"cmd":"simulate_uplink","deadline":50.0,"ok":true,"results":{},"t_sim":50.0}
orchestrator  | 172.18.0.3 - - [24/Mar/2026 21:13:58] "POST /v1/round/finalize HTTP/1.1" 200 -
fl_server     | [round 3] waiting for >= 1 clients (timeout=60s) ...
fl_server     | [92mINFO [0m:      configure_fit: no clients selected, cancel
fl_server     | [92mINFO [0m:      configure_evaluate: no clients selected, skipping evaluation
fl_server     | [92mINFO [0m:      
fl_server     | [92mINFO [0m:      [ROUND 3]
orchestrator  | --- [DEBUG] Round 3 Start (t=50.0) ---
orchestrator  | --- [DEBUG] Asking Veins for vehicles at t=50.0...
orchestrator  | --- [RPC DEBUG] Connecting to 172.17.0.1:10001 ...
orchestrator  | --- [RPC DEBUG] Sending: {"cmd": "get_state", "t": 50.0}
fl_server     | [round 3] no clients selected (orch empty). finalize to advance time.
orchestrator  | 172.18.0.3 - - [24/Mar/2026 21:13:58] "POST /v1/round/configure_fit HTTP/1.1" 200 -
orchestrator  | --- [RPC DEBUG] Received raw: {"cmd":"get_state","ok":true,"t_sim":50.0,"vehicles":{"flow0.0":{"in_range":false,"x_m":2437.9056889904896,"y_m":2094.6498483503237},"flow0.1":{"in_range":false,"x_m":2440.845111082308,"y_m":2050.942565320991},"flow0.10":{"in_range":false,"x_m":2415.434555365704,"y_m":1700.235009864904},"flow0.11":{"in_range":false,"x_m":2376.7000688725384,"y_m":1696.3202229281887},"flow0.12":{"in_range":false,"x_m":2342.1130979274167,"y_m":1677.150989735499},"flow0.13":{"in_range":false,"x_m":2341.9323918386362,"y_m":1647.9207123937085},"flow0.14":{"in_range":false,"x_m":2369.5143826541025,"y_m":1619.685226247646},"flow0.15":{"in_range":false,"x_m":2395.709380746819,"y_m":1593.1533019440249},"flow0.16":{"in_range":false,"x_m":2412.0723002409795,"y_m":1579.480450797826},"flow0.2":{"in_range":false,"x_m":2443.983363804291,"y_m":2011.773094093427},"flow0.3":{"in_range":false,"x_m":2447.1808208323782,"y_m":1971.8646762054414},"flow0.4":{"in_range":false,"x_m":2448.999873337918,"y_m":1905.609984703362},"flow0.5":{"in_range":false,"x_m":2447.0079984484473,"y_m":1878.2177770854905},"flow0.6":{"in_range":false,"x_m":2443.7947770543396,"y_m":1834.029646590352},"flow0.7":{"in_range":false,"x_m":2437.368912829552,"y_m":1748.3138628154993},"flow0.8":{"in_range":false,"x_m":2433.6802751749055,"y_m":1724.0407514693215},"flow0.9":{"in_range":false,"x_m":2430.565966867027,"y_m":1703.8499501906335}}}
orchestrator  | [Round 3] Debug: Veins_in_range=0, Flower_connected=6
orchestrator  | --- [DEBUG] Veins response: Total Vehicles=17, In-Range (Radius=500.0)=0
orchestrator  | --- [DEBUG] Sample Vehicle Pos: x=2437.9056889904896, y=2094.6498483503237
orchestrator  | --- [RPC DEBUG] Connecting to 172.17.0.1:10001 ...
orchestrator  | --- [RPC DEBUG] Sending: {"cmd": "simulate_uplink", "veh_ids": [], "start_times": {}, "size_bytes": 0, "deadline": 75.0}
orchestrator  | --- [RPC DEBUG] Received raw: {"cmd":"simulate_uplink","deadline":75.0,"ok":true,"results":{},"t_sim":75.0}
orchestrator  | 172.18.0.3 - - [24/Mar/2026 21:13:58] "POST /v1/round/finalize HTTP/1.1" 200 -
fl_server     | [92mINFO [0m:      configure_fit: no clients selected, cancel
fl_server     | [92mINFO [0m:      configure_evaluate: no clients selected, skipping evaluation
orchestrator  | --- [DEBUG] Round 4 Start (t=75.0) ---
orchestrator  | --- [DEBUG] Asking Veins for vehicles at t=75.0...
orchestrator  | --- [RPC DEBUG] Connecting to 172.17.0.1:10001 ...
orchestrator  | --- [RPC DEBUG] Sending: {"cmd": "get_state", "t": 75.0}
fl_server     | [92mINFO [0m:      
fl_server     | [92mINFO [0m:      [ROUND 4]
fl_server     | [round 4] waiting for >= 1 clients (timeout=60s) ...
fl_server     | [round 4] no clients selected (orch empty). finalize to advance time.
orchestrator  | 172.18.0.3 - - [24/Mar/2026 21:13:58] "POST /v1/round/configure_fit HTTP/1.1" 200 -
orchestrator  | --- [RPC DEBUG] Received raw: {"cmd":"get_state","ok":true,"t_sim":75.0,"vehicles":{"flow0.0":{"in_range":false,"x_m":2140.3209259163123,"y_m":2075.923526651226},"flow0.1":{"in_range":false,"x_m":2157.6231104803737,"y_m":2086.1090495120734},"flow0.10":{"in_range":false,"x_m":2444.113829257665,"y_m":2010.1447157328948},"flow0.11":{"in_range":false,"x_m":2446.8932975098724,"y_m":1975.4533408246934},"flow0.12":{"in_range":false,"x_m":2450.6306422632188,"y_m":1928.0362732270733},"flow0.13":{"in_range":false,"x_m":2448.1280184728093,"y_m":1893.6202610479668},"flow0.14":{"in_range":false,"x_m":2445.5809480741154,"y_m":1858.5930203599855},"flow0.15":{"in_range":false,"x_m":2442.5343306771247,"y_m":1816.696023360826},"flow0.16":{"in_range":false,"x_m":2439.4084302447736,"y_m":1773.7087282836437},"flow0.17":{"in_range":false,"x_m":2412.0413508440834,"y_m":1699.9141597179696},"flow0.18":{"in_range":false,"x_m":2396.7656710048905,"y_m":1698.4697421798483},"flow0.19":{"in_range":false,"x_m":2379.836673247395,"y_m":1696.7057251902297},"flow0.2":{"in_range":false,"x_m":2187.946637295303,"y_m":2101.5354309557006},"flow0.20":{"in_range":false,"x_m":2358.90422691172,"y_m":1692.0007785810158},"flow0.21":{"in_range":false,"x_m":2336.9076843111543,"y_m":1654.353120084852},"flow0.22":{"in_range":false,"x_m":2358.3528493919875,"y_m":1630.990321769379},"flow0.23":{"in_range":false,"x_m":2388.8156860289164,"y_m":1600.1356649808586},"flow0.24":{"in_range":false,"x_m":2407.298265513964,"y_m":1581.4153582220897},"flow0.3":{"in_range":false,"x_m":2226.3952670011204,"y_m":2112.529874975793},"flow0.4":{"in_range":false,"x_m":2292.4858088302426,"y_m":2117.0248383721337},"flow0.5":{"in_range":false,"x_m":2319.87342004478,"y_m":2117.9498784048483},"flow0.6":{"in_range":false,"x_m":2364.195377933909,"y_m":2119.446890505962},"flow0.7":{"in_range":false,"x_m":2439.8806968498975,"y_m":2064.4000339042395},"flow0.8":{"in_range":false,"x_m":2441.2002946938155,"y_m":2046.50941239018},"flow0.9":{"in_range":false,"x_m":2442.6377618334955,"y_m":2028.567954910919}}}
orchestrator  | [Round 4] Debug: Veins_in_range=0, Flower_connected=6
orchestrator  | --- [DEBUG] Veins response: Total Vehicles=25, In-Range (Radius=500.0)=0
orchestrator  | --- [DEBUG] Sample Vehicle Pos: x=2140.3209259163123, y=2075.923526651226
orchestrator  | --- [RPC DEBUG] Connecting to 172.17.0.1:10001 ...
orchestrator  | --- [RPC DEBUG] Sending: {"cmd": "simulate_uplink", "veh_ids": [], "start_times": {}, "size_bytes": 0, "deadline": 100.0}
fl_client-10  | [93mWARNING [0m:   DEPRECATED FEATURE: flwr.client.start_client() is deprecated.
fl_client-10  | 	Instead, use the `flower-supernode` CLI command to start a SuperNode as shown below:
fl_client-10  | 
fl_client-10  | 		$ flower-supernode --insecure --superlink='<IP>:<PORT>'
fl_client-10  | 
fl_client-10  | 	To view all available options, run:
fl_client-10  | 
fl_client-10  | 		$ flower-supernode --help
fl_client-10  | 
fl_client-10  | 	Using `start_client()` is deprecated.
fl_client-10  | 
fl_client-10  |             This is a deprecated feature. It will be removed
fl_client-10  |             entirely in future versions of Flower.
fl_client-10  |         
fl_client-4   | Files already downloaded and verified
fl_client-4   | [93mWARNING [0m:   DEPRECATED FEATURE: flwr.client.start_client() is deprecated.
fl_client-4   | 	Instead, use the `flower-supernode` CLI command to start a SuperNode as shown below:
fl_client-4   | 
fl_client-4   | 		$ flower-supernode --insecure --superlink='<IP>:<PORT>'
fl_client-4   | 
fl_client-4   | 	To view all available options, run:
fl_client-4   | 
fl_client-4   | 		$ flower-supernode --help
fl_client-4   | 
fl_client-4   | 	Using `start_client()` is deprecated.
fl_client-4   | 
fl_client-4   |             This is a deprecated feature. It will be removed
fl_client-4   |             entirely in future versions of Flower.
fl_client-4   |         
 Container docker-fl_client-5 Started 
 Container docker-fl_client-1 Starting 
fl_client-5   | Files already downloaded and verified
fl_client-5   | [93mWARNING [0m:   DEPRECATED FEATURE: flwr.client.start_client() is deprecated.
fl_client-5   | 	Instead, use the `flower-supernode` CLI command to start a SuperNode as shown below:
fl_client-5   | 
fl_client-5   | 		$ flower-supernode --insecure --superlink='<IP>:<PORT>'
fl_client-5   | 
fl_client-5   | 	To view all available options, run:
fl_client-5   | 
fl_client-5   | 		$ flower-supernode --help
fl_client-5   | 
fl_client-5   | 	Using `start_client()` is deprecated.
fl_client-5   | 
fl_client-5   |             This is a deprecated feature. It will be removed
fl_client-5   |             entirely in future versions of Flower.
fl_client-5   |         
orchestrator  | --- [RPC DEBUG] Received raw: {"cmd":"simulate_uplink","deadline":100.0,"ok":true,"results":{},"t_sim":100.0}
fl_server     | [round 5] waiting for >= 1 clients (timeout=60s) ...
fl_server     | [92mINFO [0m:      configure_fit: no clients selected, cancel
fl_server     | [92mINFO [0m:      configure_evaluate: no clients selected, skipping evaluation
fl_server     | [92mINFO [0m:      
fl_server     | [92mINFO [0m:      [ROUND 5]
orchestrator  | 172.18.0.3 - - [24/Mar/2026 21:14:07] "POST /v1/round/finalize HTTP/1.1" 200 -
orchestrator  | --- [DEBUG] Round 5 Start (t=100.0) ---
orchestrator  | --- [DEBUG] Asking Veins for vehicles at t=100.0...
orchestrator  | --- [RPC DEBUG] Connecting to 172.17.0.1:10001 ...
orchestrator  | --- [RPC DEBUG] Sending: {"cmd": "get_state", "t": 100.0}
orchestrator  | 172.18.0.3 - - [24/Mar/2026 21:14:08] "POST /v1/round/configure_fit HTTP/1.1" 200 -
orchestrator  | --- [RPC DEBUG] Received raw: {"cmd":"get_state","ok":true,"t_sim":100.0,"vehicles":{"flow0.0":{"in_range":false,"x_m":2140.3209259163123,"y_m":2075.923526651226},"flow0.1":{"in_range":false,"x_m":2144.6306208968163,"y_m":2078.4605760388076},"flow0.10":{"in_range":false,"x_m":2208.129883869551,"y_m":2108.380648445338},"flow0.11":{"in_range":false,"x_m":2227.498571399832,"y_m":2112.6863320674747},"flow0.12":{"in_range":false,"x_m":2451.4757104032906,"y_m":1894.369425676763},"flow0.13":{"in_range":false,"x_m":2453.916314583388,"y_m":1928.8712334837765},"flow0.14":{"in_range":false,"x_m":2451.118568077334,"y_m":1963.8568332456052},"flow0.15":{"in_range":false,"x_m":2447.782120187767,"y_m":2005.578851393424},"flow0.16":{"in_range":false,"x_m":2444.346433785511,"y_m":2048.541839326732},"flow0.17":{"in_range":false,"x_m":2447.152812089538,"y_m":1972.2142617059872},"flow0.18":{"in_range":false,"x_m":2448.532957277377,"y_m":1954.98825666029},"flow0.19":{"in_range":false,"x_m":2449.9172575105913,"y_m":1937.7103912485763},"flow0.2":{"in_range":false,"x_m":2148.9403156560147,"y_m":2080.997625296004},"flow0.20":{"in_range":false,"x_m":2450.059192965273,"y_m":1920.1777185089886},"flow0.21":{"in_range":false,"x_m":2436.4075401681475,"y_m":1609.7472007749602},"flow0.22":{"in_range":false,"x_m":2437.509796901024,"y_m":1539.6938348077238},"flow0.23":{"in_range":false,"x_m":2436.2199702789076,"y_m":1639.4500489877537},"flow0.24":{"in_range":false,"x_m":2436.0819187178276,"y_m":1661.3113646749407},"flow0.25":{"in_range":false,"x_m":2435.931669771904,"y_m":1685.1042114542797},"flow0.26":{"in_range":false,"x_m":2427.5414923302596,"y_m":1701.0873921541497},"flow0.27":{"in_range":false,"x_m":2407.2486324164784,"y_m":1699.460976185277},"flow0.28":{"in_range":false,"x_m":2372.166842383216,"y_m":1695.6426487369463},"flow0.29":{"in_range":false,"x_m":2337.6635284804506,"y_m":1673.5576948216185},"flow0.3":{"in_range":false,"x_m":2153.2500107514206,"y_m":2083.534674750641},"flow0.30":{"in_range":false,"x_m":2349.6644090366317,"y_m":1639.790514882654},"flow0.31":{"in_range":false,"x_m":2379.002080844366,"y_m":1610.0754950577393},"flow0.32":{"in_range":false,"x_m":2402.507385970326,"y_m":1586.2678591823205},"flow0.33":{"in_range":false,"x_m":2414.8650521714007,"y_m":1578.4549668636173},"flow0.4":{"in_range":false,"x_m":2157.559706430766,"y_m":2086.071724548936},"flow0.5":{"in_range":false,"x_m":2161.869495913852,"y_m":2088.60882956814},"flow0.6":{"in_range":false,"x_m":2166.180531422142,"y_m":2091.1466681035236},"flow0.7":{"in_range":false,"x_m":2172.060165522853,"y_m":2094.607915861532},"flow0.8":{"in_range":false,"x_m":2181.531382625806,"y_m":2099.3596752714366},"flow0.9":{"in_range":false,"x_m":2194.06127079844,"y_m":2103.609229938127}}}
orchestrator  | [Round 5] Debug: Veins_in_range=0, Flower_connected=9
orchestrator  | --- [DEBUG] Veins response: Total Vehicles=34, In-Range (Radius=500.0)=0
orchestrator  | --- [DEBUG] Sample Vehicle Pos: x=2140.3209259163123, y=2075.923526651226
fl_server     | [round 5] no clients selected (orch empty). finalize to advance time.
orchestrator  | --- [RPC DEBUG] Connecting to 172.17.0.1:10001 ...
orchestrator  | --- [RPC DEBUG] Sending: {"cmd": "simulate_uplink", "veh_ids": [], "start_times": {}, "size_bytes": 0, "deadline": 125.0}
orchestrator  | --- [RPC DEBUG] Received raw: {"cmd":"simulate_uplink","deadline":125.0,"ok":true,"results":{},"t_sim":125.0}
orchestrator  | 172.18.0.3 - - [24/Mar/2026 21:14:08] "POST /v1/round/finalize HTTP/1.1" 200 -
fl_server     | [92mINFO [0m:      configure_fit: no clients selected, cancel
fl_server     | [92mINFO [0m:      configure_evaluate: no clients selected, skipping evaluation
fl_server     | [92mINFO [0m:      
fl_server     | [92mINFO [0m:      [ROUND 6]
fl_server     | [round 6] waiting for >= 1 clients (timeout=60s) ...
orchestrator  | --- [DEBUG] Round 6 Start (t=125.0) ---
orchestrator  | --- [DEBUG] Asking Veins for vehicles at t=125.0...
orchestrator  | --- [RPC DEBUG] Connecting to 172.17.0.1:10001 ...
orchestrator  | --- [RPC DEBUG] Sending: {"cmd": "get_state", "t": 125.0}
orchestrator  | --- [RPC DEBUG] Received raw: {"cmd":"get_state","ok":true,"t_sim":125.0,"vehicles":{"flow0.0":{"in_range":false,"x_m":2136.738975144108,"y_m":2072.8642300600186},"flow0.1":{"in_range":false,"x_m":2142.480679457425,"y_m":2077.194939459674},"flow0.10":{"in_range":false,"x_m":2190.4362882846035,"y_m":2102.379804651253},"flow0.11":{"in_range":false,"x_m":2195.1723278961144,"y_m":2103.9860487738624},"flow0.12":{"in_range":false,"x_m":2437.3489402243868,"y_m":1546.691100240685},"flow0.13":{"in_range":false,"x_m":2436.5877085146494,"y_m":1581.2164324708283},"flow0.14":{"in_range":false,"x_m":2436.365989618236,"y_m":1616.3269864832982},"flow0.15":{"in_range":false,"x_m":2436.1014141768683,"y_m":1658.2241385597736},"flow0.16":{"in_range":false,"x_m":2436.011589506874,"y_m":1701.4775103172287},"flow0.17":{"in_range":false,"x_m":2451.758247529273,"y_m":1898.261058867909},"flow0.18":{"in_range":false,"x_m":2453.005265517626,"y_m":1915.4373381901532},"flow0.19":{"in_range":false,"x_m":2453.6170095030684,"y_m":1932.6140199452639},"flow0.2":{"in_range":false,"x_m":2148.0063870060258,"y_m":2080.44783624541},"flow0.20":{"in_range":false,"x_m":2452.2436150587164,"y_m":1949.7882093302906},"flow0.21":{"in_range":false,"x_m":2338.8386448303936,"y_m":1429.9842109037563},"flow0.22":{"in_range":false,"x_m":2298.2522162146633,"y_m":1387.845264502801},"flow0.23":{"in_range":false,"x_m":2366.7771585928276,"y_m":1458.2419120911509},"flow0.24":{"in_range":false,"x_m":2374.7485135070747,"y_m":1466.304336855188},"flow0.25":{"in_range":false,"x_m":2382.6987548926845,"y_m":1474.5080741494894},"flow0.26":{"in_range":false,"x_m":2392.112111366936,"y_m":1480.5937681728974},"flow0.27":{"in_range":false,"x_m":2403.5601000479655,"y_m":1484.1473872130737},"flow0.28":{"in_range":false,"x_m":2416.345347434166,"y_m":1488.116110438481},"flow0.29":{"in_range":false,"x_m":2434.2670316129224,"y_m":1489.663351287134},"flow0.3":{"in_range":false,"x_m":2152.938299901434,"y_m":2083.351175494492},"flow0.30":{"in_range":false,"x_m":2447.5769239682704,"y_m":1886.0416248785332},"flow0.31":{"in_range":false,"x_m":2444.5950255405623,"y_m":1845.0346413301304},"flow0.32":{"in_range":false,"x_m":2439.259972135187,"y_m":1771.6671365229413},"flow0.33":{"in_range":false,"x_m":2436.6214362925384,"y_m":1743.3950871294364},"flow0.34":{"in_range":false,"x_m":2432.5440445813583,"y_m":1716.563776419498},"flow0.35":{"in_range":false,"x_m":2419.5995750188595,"y_m":1700.6288402862847},"flow0.36":{"in_range":false,"x_m":2385.0982685886556,"y_m":1697.3319724574685},"flow0.37":{"in_range":false,"x_m":2339.5256334531587,"y_m":1675.0614565685391},"flow0.38":{"in_range":false,"x_m":2341.897007453721,"y_m":1647.9660099139437},"flow0.39":{"in_range":false,"x_m":2372.1786240461515,"y_m":1616.9867167575285},"flow0.4":{"in_range":false,"x_m":2157.484953269828,"y_m":2086.027718543075},"flow0.40":{"in_range":false,"x_m":2396.2613414640073,"y_m":1592.5942417783663},"flow0.41":{"in_range":false,"x_m":2411.870967904106,"y_m":1579.5543789807707},"flow0.5":{"in_range":false,"x_m":2161.855360699352,"y_m":2088.600508390926},"flow0.6":{"in_range":false,"x_m":2166.176790227066,"y_m":2091.144465720281},"flow0.7":{"in_range":false,"x_m":2170.4884576231707,"y_m":2093.682676238008},"flow0.8":{"in_range":false,"x_m":2174.7984376230743,"y_m":2096.219893411733},"flow0.9":{"in_range":false,"x_m":2179.1950417541666,"y_m":2098.5672972304747}}}
orchestrator  | [Round 6] Debug: Veins_in_range=0, Flower_connected=9
orchestrator  | --- [DEBUG] Veins response: Total Vehicles=42, In-Range (Radius=500.0)=0
orchestrator  | --- [DEBUG] Sample Vehicle Pos: x=2136.738975144108, y=2072.8642300600186
orchestrator  | 172.18.0.3 - - [24/Mar/2026 21:14:08] "POST /v1/round/configure_fit HTTP/1.1" 200 -
fl_server     | [round 6] no clients selected (orch empty). finalize to advance time.
orchestrator  | --- [RPC DEBUG] Connecting to 172.17.0.1:10001 ...
orchestrator  | --- [RPC DEBUG] Sending: {"cmd": "simulate_uplink", "veh_ids": [], "start_times": {}, "size_bytes": 0, "deadline": 150.0}
fl_server     | [92mINFO [0m:      configure_fit: no clients selected, cancel
fl_server     | [92mINFO [0m:      configure_evaluate: no clients selected, skipping evaluation
fl_server     | [92mINFO [0m:      
fl_server     | [92mINFO [0m:      [ROUND 7]
orchestrator  | 172.18.0.3 - - [24/Mar/2026 21:14:09] "POST /v1/round/finalize HTTP/1.1" 200 -
orchestrator  | --- [RPC DEBUG] Received raw: {"cmd":"simulate_uplink","deadline":150.0,"ok":true,"results":{},"t_sim":150.0}
fl_server     | [round 7] waiting for >= 1 clients (timeout=60s) ...
orchestrator  | --- [DEBUG] Round 7 Start (t=150.0) ---
orchestrator  | --- [DEBUG] Asking Veins for vehicles at t=150.0...
orchestrator  | --- [RPC DEBUG] Connecting to 172.17.0.1:10001 ...
orchestrator  | --- [RPC DEBUG] Sending: {"cmd": "get_state", "t": 150.0}
fl_server     | [round 7] no clients selected (orch empty). finalize to advance time.
orchestrator  | 172.18.0.3 - - [24/Mar/2026 21:14:09] "POST /v1/round/configure_fit HTTP/1.1" 200 -
orchestrator  | --- [RPC DEBUG] Received raw: {"cmd":"get_state","ok":true,"t_sim":150.0,"vehicles":{"flow0.0":{"in_range":false,"x_m":1908.4672243788373,"y_m":1840.9644936611876},"flow0.1":{"in_range":false,"x_m":1916.6163277385058,"y_m":1854.0424315696582},"flow0.10":{"in_range":false,"x_m":2190.4362882846035,"y_m":2102.379804651253},"flow0.11":{"in_range":false,"x_m":2195.1723278961144,"y_m":2103.9860487738624},"flow0.12":{"in_range":false,"x_m":2314.1521970380563,"y_m":1405.015729364939},"flow0.13":{"in_range":false,"x_m":2322.5281696021557,"y_m":1413.4873943896964},"flow0.14":{"in_range":false,"x_m":2331.322449294268,"y_m":1422.3821455491707},"flow0.15":{"in_range":false,"x_m":2345.022429460776,"y_m":1436.238643039018},"flow0.16":{"in_range":false,"x_m":2362.483340422041,"y_m":1453.8990385988727},"flow0.17":{"in_range":false,"x_m":2436.476429974893,"y_m":1598.838075201027},"flow0.18":{"in_range":false,"x_m":2436.3674948165426,"y_m":1616.088629057631},"flow0.19":{"in_range":false,"x_m":2436.2587753054686,"y_m":1633.3050338095054},"flow0.2":{"in_range":false,"x_m":1929.272799448343,"y_m":1862.284803393297},"flow0.20":{"in_range":false,"x_m":2447.44291662029,"y_m":1838.822197725065},"flow0.21":{"in_range":false,"x_m":2221.4169703639345,"y_m":1291.1190820261836},"flow0.22":{"in_range":false,"x_m":2179.610607862007,"y_m":1221.5158544601873},"flow0.23":{"in_range":false,"x_m":2261.792713093804,"y_m":1345.1634997613728},"flow0.24":{"in_range":false,"x_m":2269.137922415277,"y_m":1353.7622591899708},"flow0.25":{"in_range":false,"x_m":2276.498683987651,"y_m":1362.3792250519618},"flow0.26":{"in_range":false,"x_m":2283.8632804104127,"y_m":1371.0006802296266},"flow0.27":{"in_range":false,"x_m":2291.222165565123,"y_m":1379.6154494406655},"flow0.28":{"in_range":false,"x_m":2298.581395036308,"y_m":1388.230621729046},"flow0.29":{"in_range":false,"x_m":2306.0077899317257,"y_m":1396.7782753501087},"flow0.3":{"in_range":false,"x_m":1937.7782259903615,"y_m":1875.601246157661},"flow0.30":{"in_range":false,"x_m":2312.158785712556,"y_m":2117.689310020767},"flow0.31":{"in_range":false,"x_m":2353.333272102871,"y_m":2119.0800135750324},"flow0.32":{"in_range":false,"x_m":2425.403347093612,"y_m":2114.6395111745223},"flow0.33":{"in_range":false,"x_m":2438.4867880948586,"y_m":2090.768562185578},"flow0.34":{"in_range":false,"x_m":2440.0022154544713,"y_m":2062.6046299058944},"flow0.35":{"in_range":false,"x_m":2443.103501696023,"y_m":2022.7549163317308},"flow0.36":{"in_range":false,"x_m":2446.3289008931024,"y_m":1982.4977438729256},"flow0.37":{"in_range":false,"x_m":2450.045268172049,"y_m":1919.986225143075},"flow0.38":{"in_range":false,"x_m":2447.6942245247774,"y_m":1887.6547388415784},"flow0.39":{"in_range":false,"x_m":2443.1296795620583,"y_m":1824.8832445302978},"flow0.4":{"in_range":false,"x_m":1953.8966304719215,"y_m":1886.6641690004617},"flow0.40":{"in_range":false,"x_m":2440.7439267088193,"y_m":1792.0744382021949},"flow0.41":{"in_range":false,"x_m":2438.804511329974,"y_m":1764.0563449189067},"flow0.42":{"in_range":false,"x_m":2432.6683017690666,"y_m":1717.3814518954605},"flow0.43":{"in_range":false,"x_m":2420.0564560292987,"y_m":1700.6720414375886},"flow0.44":{"in_range":false,"x_m":2380.0584406531416,"y_m":1696.7321204608306},"flow0.45":{"in_range":false,"x_m":2359.935420578113,"y_m":1692.9307348579168},"flow0.46":{"in_range":false,"x_m":2339.6357872115914,"y_m":1650.8607237646356},"flow0.47":{"in_range":false,"x_m":2367.459001313313,"y_m":1621.7670443858951},"flow0.48":{"in_range":false,"x_m":2388.202096606721,"y_m":1600.7571465335786},"flow0.49":{"in_range":false,"x_m":2407.1026815507794,"y_m":1581.6134578315541},"flow0.5":{"in_range":false,"x_m":1968.0632230795454,"y_m":1900.4354984033853},"flow0.6":{"in_range":false,"x_m":1982.551159141818,"y_m":1914.5192054314539},"flow0.7":{"in_range":false,"x_m":1997.9177756507415,"y_m":1929.45707677491},"flow0.8":{"in_range":false,"x_m":2014.236210073228,"y_m":1945.3202092852443},"flow0.9":{"in_range":false,"x_m":2030.26397029066,"y_m":1960.9007777152583}}}
orchestrator  | [Round 7] Debug: Veins_in_range=0, Flower_connected=9
orchestrator  | --- [DEBUG] Veins response: Total Vehicles=50, In-Range (Radius=500.0)=0
orchestrator  | --- [DEBUG] Sample Vehicle Pos: x=1908.4672243788373, y=1840.9644936611876
orchestrator  | --- [RPC DEBUG] Connecting to 172.17.0.1:10001 ...
orchestrator  | --- [RPC DEBUG] Sending: {"cmd": "simulate_uplink", "veh_ids": [], "start_times": {}, "size_bytes": 0, "deadline": 175.0}
fl_server     | [92mINFO [0m:      configure_fit: no clients selected, cancel
fl_server     | [92mINFO [0m:      configure_evaluate: no clients selected, skipping evaluation
fl_server     | [92mINFO [0m:      
fl_server     | [92mINFO [0m:      [ROUND 8]
fl_server     | [round 8] waiting for >= 1 clients (timeout=60s) ...
orchestrator  | 172.18.0.3 - - [24/Mar/2026 21:14:10] "POST /v1/round/finalize HTTP/1.1" 200 -
orchestrator  | --- [RPC DEBUG] Received raw: {"cmd":"simulate_uplink","deadline":175.0,"ok":true,"results":{},"t_sim":175.0}
orchestrator  | --- [DEBUG] Round 8 Start (t=175.0) ---
orchestrator  | --- [DEBUG] Asking Veins for vehicles at t=175.0...
orchestrator  | --- [RPC DEBUG] Connecting to 172.17.0.1:10001 ...
orchestrator  | --- [RPC DEBUG] Sending: {"cmd": "get_state", "t": 175.0}
orchestrator  | --- [RPC DEBUG] Received raw: {"cmd":"get_state","ok":true,"t_sim":175.0,"vehicles":{"flow0.0":{"in_range":false,"x_m":1660.7644946704386,"y_m":1595.8307460295036},"flow0.1":{"in_range":false,"x_m":1669.3432114742463,"y_m":1608.8620505649596},"flow0.10":{"in_range":false,"x_m":2012.6913312053075,"y_m":1943.8184342030436},"flow0.11":{"in_range":false,"x_m":2031.3953351905802,"y_m":1962.0005763145164},"flow0.12":{"in_range":false,"x_m":2217.5530203682138,"y_m":1284.686008810997},"flow0.13":{"in_range":false,"x_m":2223.381267461693,"y_m":1294.3894315548241},"flow0.14":{"in_range":false,"x_m":2229.197518093046,"y_m":1304.0728814424947},"flow0.15":{"in_range":false,"x_m":2235.2849896013504,"y_m":1313.5565465688705},"flow0.16":{"in_range":false,"x_m":2242.347013918683,"y_m":1322.3991533936933},"flow0.17":{"in_range":false,"x_m":2356.267854092177,"y_m":1447.6125425836071},"flow0.18":{"in_range":false,"x_m":2364.0920219367836,"y_m":1455.5260987188667},"flow0.19":{"in_range":false,"x_m":2371.9190149630886,"y_m":1463.4425123119727},"flow0.2":{"in_range":false,"x_m":1682.1487257885747,"y_m":1616.7875603586435},"flow0.20":{"in_range":false,"x_m":2447.44291662029,"y_m":1838.822197725065},"flow0.21":{"in_range":false,"x_m":2128.9125846624374,"y_m":1133.8678210275248},"flow0.22":{"in_range":false,"x_m":2011.8575088818325,"y_m":1113.2969753881916},"flow0.23":{"in_range":false,"x_m":2176.7561280367663,"y_m":1216.6556602250785},"flow0.24":{"in_range":false,"x_m":2182.5446304649813,"y_m":1226.4006956834346},"flow0.25":{"in_range":false,"x_m":2188.3855380457826,"y_m":1236.1251968163997},"flow0.26":{"in_range":false,"x_m":2194.216376039316,"y_m":1245.832933139056},"flow0.27":{"in_range":false,"x_m":2200.0477005061693,"y_m":1255.541479388252},"flow0.28":{"in_range":false,"x_m":2205.8850846587447,"y_m":1265.2601143820211},"flow0.29":{"in_range":false,"x_m":2211.718063158798,"y_m":1274.971414424479},"flow0.3":{"in_range":false,"x_m":1690.878847314394,"y_m":1629.9673332525417},"flow0.30":{"in_range":false,"x_m":2146.88871641655,"y_m":2079.7898812172934},"flow0.31":{"in_range":false,"x_m":2151.199025167385,"y_m":2082.327291920781},"flow0.32":{"in_range":false,"x_m":2155.606269233278,"y_m":2084.9217669144273},"flow0.33":{"in_range":false,"x_m":2160.9356428921456,"y_m":2088.059085039422},"flow0.34":{"in_range":false,"x_m":2169.1942899274873,"y_m":2092.920820149593},"flow0.35":{"in_range":false,"x_m":2185.4732412914746,"y_m":2100.6965701952577},"flow0.36":{"in_range":false,"x_m":2215.826619447558,"y_m":2110.991022787057},"flow0.37":{"in_range":false,"x_m":2278.183748732088,"y_m":2116.5417740391567},"flow0.38":{"in_range":false,"x_m":2310.568900858052,"y_m":2117.6356102982536},"flow0.39":{"in_range":false,"x_m":2373.4156645040493,"y_m":2119.7583135841414},"flow0.4":{"in_range":false,"x_m":1706.820645204396,"y_m":1640.966350397095},"flow0.40":{"in_range":false,"x_m":2406.3235947595676,"y_m":2120.8698071222752},"flow0.41":{"in_range":false,"x_m":2431.09799072484,"y_m":2109.733551574871},"flow0.42":{"in_range":false,"x_m":2440.0072729617823,"y_m":2062.529906624928},"flow0.43":{"in_range":false,"x_m":2443.1566945398226,"y_m":2022.0910005318},"flow0.44":{"in_range":false,"x_m":2447.0248172545107,"y_m":1973.8118035383523},"flow0.45":{"in_range":false,"x_m":2449.2468931408366,"y_m":1946.0774095291272},"flow0.46":{"in_range":false,"x_m":2447.3909542210167,"y_m":1883.4841741286218},"flow0.47":{"in_range":false,"x_m":2441.445380078978,"y_m":1801.7208052761853},"flow0.48":{"in_range":false,"x_m":2440.014569382649,"y_m":1782.0443367082626},"flow0.49":{"in_range":false,"x_m":2438.422127669095,"y_m":1757.9526384351775},"flow0.5":{"in_range":false,"x_m":1721.0352927554632,"y_m":1654.8968830322847},"flow0.50":{"in_range":false,"x_m":2434.359168066294,"y_m":1728.5082118948922},"flow0.51":{"in_range":false,"x_m":2430.57129709085,"y_m":1703.865810856223},"flow0.52":{"in_range":false,"x_m":2403.511982270982,"y_m":1699.1076509607956},"flow0.53":{"in_range":false,"x_m":2357.9295089156367,"y_m":1691.1217534774914},"flow0.54":{"in_range":false,"x_m":2333.9421245949343,"y_m":1667.7546188589185},"flow0.55":{"in_range":false,"x_m":2349.9684169100365,"y_m":1639.4825967885554},"flow0.56":{"in_range":false,"x_m":2383.0509428932564,"y_m":1605.9745555948466},"flow0.57":{"in_range":false,"x_m":2402.28883989132,"y_m":1586.48921625223},"flow0.58":{"in_range":false,"x_m":2414.850765620824,"y_m":1578.4602128108963},"flow0.6":{"in_range":false,"x_m":1735.4661274880636,"y_m":1669.0392818134278},"flow0.7":{"in_range":false,"x_m":1750.7276223533554,"y_m":1683.9957379279658},"flow0.8":{"in_range":false,"x_m":1766.9821264047641,"y_m":1699.9253554828465},"flow0.9":{"in_range":false,"x_m":1782.9515090479981,"y_m":1715.5755504863337}}}
orchestrator  | [Round 8] Debug: Veins_in_range=0, Flower_connected=9
orchestrator  | --- [DEBUG] Veins response: Total Vehicles=59, In-Range (Radius=500.0)=0
orchestrator  | --- [DEBUG] Sample Vehicle Pos: x=1660.7644946704386, y=1595.8307460295036
orchestrator  | 172.18.0.3 - - [24/Mar/2026 21:14:10] "POST /v1/round/configure_fit HTTP/1.1" 200 -
fl_server     | [round 8] no clients selected (orch empty). finalize to advance time.
orchestrator  | --- [RPC DEBUG] Connecting to 172.17.0.1:10001 ...
orchestrator  | --- [RPC DEBUG] Sending: {"cmd": "simulate_uplink", "veh_ids": [], "start_times": {}, "size_bytes": 0, "deadline": 200.0}
 Container docker-fl_client-1 Started 
orchestrator  | 172.18.0.3 - - [24/Mar/2026 21:14:18] "POST /v1/round/finalize HTTP/1.1" 200 -
fl_server     | [round 9] waiting for >= 1 clients (timeout=60s) ...
orchestrator  | --- [RPC DEBUG] Received raw: {"cmd":"simulate_uplink","deadline":200.0,"ok":true,"results":{},"t_sim":200.0}
fl_server     | [92mINFO [0m:      configure_fit: no clients selected, cancel
fl_server     | [92mINFO [0m:      configure_evaluate: no clients selected, skipping evaluation
fl_server     | [92mINFO [0m:      
fl_server     | [92mINFO [0m:      [ROUND 9]
orchestrator  | --- [DEBUG] Round 9 Start (t=200.0) ---
orchestrator  | --- [DEBUG] Asking Veins for vehicles at t=200.0...
orchestrator  | --- [RPC DEBUG] Connecting to 172.17.0.1:10001 ...
orchestrator  | --- [RPC DEBUG] Sending: {"cmd": "get_state", "t": 200.0}
orchestrator  | --- [RPC DEBUG] Received raw: {"cmd":"get_state","ok":true,"t_sim":200.0,"vehicles":{"flow0.0":{"in_range":true,"x_m":1389.3874849547865,"y_m":1382.097583066672},"flow0.1":{"in_range":true,"x_m":1402.1782748748083,"y_m":1389.8479404859245},"flow0.10":{"in_range":false,"x_m":1765.4085128563456,"y_m":1698.3831944959238},"flow0.11":{"in_range":false,"x_m":1784.0704942287412,"y_m":1716.6721699787304},"flow0.12":{"in_range":false,"x_m":2139.191505077062,"y_m":1151.3506937138736},"flow0.13":{"in_range":false,"x_m":2144.9792412014212,"y_m":1161.1961077786982},"flow0.14":{"in_range":false,"x_m":2150.7535087002907,"y_m":1171.0186106069013},"flow0.15":{"in_range":false,"x_m":2156.5183116917033,"y_m":1180.825013531372},"flow0.16":{"in_range":false,"x_m":2162.101630152203,"y_m":1190.6959581756964},"flow0.17":{"in_range":false,"x_m":2255.510029838886,"y_m":1337.8085995111614},"flow0.18":{"in_range":false,"x_m":2262.7230544236954,"y_m":1346.2526152553037},"flow0.19":{"in_range":false,"x_m":2269.9297104449943,"y_m":1354.6891755638644},"flow0.2":{"in_range":true,"x_m":1417.188413952128,"y_m":1393.2798579074442},"flow0.20":{"in_range":false,"x_m":2436.1517528875265,"y_m":1650.2526934323832},"flow0.21":{"in_range":false,"x_m":1880.3997962619178,"y_m":1118.9326553680003},"flow0.22":{"in_range":true,"x_m":1666.871818813379,"y_m":1148.8320296807215},"flow0.23":{"in_range":false,"x_m":2083.9648708227323,"y_m":1100.1582290679216},"flow0.24":{"in_range":false,"x_m":2097.7203862437746,"y_m":1096.794485380873},"flow0.25":{"in_range":false,"x_m":2109.6362623728346,"y_m":1101.0844223666936},"flow0.26":{"in_range":false,"x_m":2115.657220023917,"y_m":1111.3243141900748},"flow0.27":{"in_range":false,"x_m":2121.606138404808,"y_m":1121.4416882377118},"flow0.28":{"in_range":false,"x_m":2127.506809502025,"y_m":1131.4770077373832},"flow0.29":{"in_range":false,"x_m":2133.3604715742404,"y_m":1141.4323786040768},"flow0.3":{"in_range":true,"x_m":1429.4805973252514,"y_m":1402.7198851006106},"flow0.30":{"in_range":false,"x_m":2146.88871641655,"y_m":2079.7898812172934},"flow0.31":{"in_range":false,"x_m":2151.1984117649263,"y_m":2082.326930820942},"flow0.32":{"in_range":false,"x_m":2155.5081067814026,"y_m":2084.8639802290127},"flow0.33":{"in_range":false,"x_m":2159.8178021420026,"y_m":2087.4010298401117},"flow0.34":{"in_range":false,"x_m":2164.1274971558014,"y_m":2089.938079247251},"flow0.35":{"in_range":false,"x_m":2168.4371923413128,"y_m":2092.4751287549734},"flow0.36":{"in_range":false,"x_m":2172.7468874206534,"y_m":2095.012178200297},"flow0.37":{"in_range":false,"x_m":2177.056582380552,"y_m":2097.5492275757715},"flow0.38":{"in_range":false,"x_m":2181.6765405131737,"y_m":2099.408906068653},"flow0.39":{"in_range":false,"x_m":2186.4128354770364,"y_m":2101.0152367940173},"flow0.4":{"in_range":true,"x_m":1448.5788681852864,"y_m":1408.116472106427},"flow0.40":{"in_range":false,"x_m":2193.3719883152517,"y_m":2103.3754574134946},"flow0.41":{"in_range":false,"x_m":2198.1173013478983,"y_m":2104.984846647829},"flow0.42":{"in_range":false,"x_m":2440.8002585504437,"y_m":1759.9173005102202},"flow0.43":{"in_range":false,"x_m":2444.6376974896993,"y_m":1800.1834388663992},"flow0.44":{"in_range":false,"x_m":2448.144725422957,"y_m":1848.4888297505677},"flow0.45":{"in_range":false,"x_m":2450.162833923241,"y_m":1876.2860192265362},"flow0.46":{"in_range":false,"x_m":2453.1091138250194,"y_m":1938.9652154082432},"flow0.47":{"in_range":false,"x_m":2443.578129446949,"y_m":2058.636605362408},"flow0.48":{"in_range":false,"x_m":2442.3861094739987,"y_m":2076.283683657646},"flow0.49":{"in_range":false,"x_m":2439.107005819562,"y_m":2075.831106326543},"flow0.5":{"in_range":true,"x_m":1464.837983534555,"y_m":1419.5265936739743},"flow0.50":{"in_range":false,"x_m":2440.3061737191165,"y_m":2058.1137300515547},"flow0.51":{"in_range":false,"x_m":2415.5406456036726,"y_m":1487.8663195073605},"flow0.52":{"in_range":false,"x_m":2388.880938612274,"y_m":1479.590766042471},"flow0.53":{"in_range":false,"x_m":2437.9396837443346,"y_m":1520.9937571203336},"flow0.54":{"in_range":false,"x_m":2437.506798608694,"y_m":1539.8242605235428},"flow0.55":{"in_range":false,"x_m":2437.0790822871495,"y_m":1558.4299205085263},"flow0.56":{"in_range":false,"x_m":2435.225011594128,"y_m":1697.8625298151746},"flow0.57":{"in_range":false,"x_m":2426.3810591835063,"y_m":1701.1150056552142},"flow0.58":{"in_range":false,"x_m":2418.5976923168637,"y_m":1700.5341055868194},"flow0.59":{"in_range":false,"x_m":2409.66336049675,"y_m":1699.6893048509955},"flow0.6":{"in_range":true,"x_m":1479.3204851307673,"y_m":1433.7561035957187},"flow0.60":{"in_range":false,"x_m":2388.8112431262853,"y_m":1697.717597904615},"flow0.61":{"in_range":false,"x_m":2371.3324010809883,"y_m":1695.5179261155427},"flow0.62":{"in_range":false,"x_m":2345.0416944088647,"y_m":1679.5160075128078},"flow0.63":{"in_range":false,"x_m":2340.1033399801236,"y_m":1650.2621834501624},"flow0.64":{"in_range":false,"x_m":2367.6814751486527,"y_m":1621.5417090393603},"flow0.65":{"in_range":false,"x_m":2396.5274205490714,"y_m":1592.3247403213754},"flow0.66":{"in_range":false,"x_m":2411.7653542396147,"y_m":1579.5931597668678},"flow0.7":{"in_range":true,"x_m":1498.8639962617308,"y_m":1443.5054351687431},"flow0.8":{"in_range":true,"x_m":1516.5759498231346,"y_m":1457.8973606852815},"flow0.9":{"in_range":true,"x_m":1533.3404381024884,"y_m":1472.39873321075}}}
orchestrator  | [Round 9] Debug: Veins_in_range=11, Flower_connected=9
orchestrator  | --- [DEBUG] Veins response: Total Vehicles=67, In-Range (Radius=500.0)=11
orchestrator  | --- [DEBUG] Sample Vehicle Pos: x=1389.3874849547865, y=1382.097583066672
orchestrator  | --- [RPC DEBUG] Connecting to 172.17.0.1:10001 ...
orchestrator  | --- [RPC DEBUG] Sending: {"cmd": "simulate_downlink", "t_now": 200.0, "veh_ids": ["flow0.0", "flow0.9", "flow0.4", "flow0.6", "flow0.3", "flow0.5", "flow0.1", "flow0.2", "flow0.8"], "size_bytes": 2000000, "deadline": 225.0}
orchestrator  | --- [RPC DEBUG] Received raw: {"cmd":"simulate_downlink","deadline":225.0,"ok":true,"results":{"flow0.0":{"goodput_mbps":6.736893427515482,"ok":true,"reason":"","rtt_ms":13.346296978110956,"t_done":202.48089900869948},"flow0.1":{"goodput_mbps":6.455158720700161,"ok":true,"reason":"","rtt_ms":13.634435457139098,"t_done":202.58328842453957},"flow0.2":{"goodput_mbps":6.230114890073285,"ok":true,"reason":"","rtt_ms":13.878502092693974,"t_done":202.67571481558898},"flow0.3":{"goodput_mbps":5.968857851955487,"ok":true,"reason":"","rtt_ms":14.178980487894714,"t_done":202.78847253747665},"flow0.4":{"goodput_mbps":5.6798709572425965,"ok":true,"reason":"","rtt_ms":14.53521260554311,"t_done":202.92371603175744},"flow0.5":{"goodput_mbps":5.592657264850417,"ok":true,"reason":"","rtt_ms":14.648107563400215,"t_done":203.07146513384825},"flow0.6":{"goodput_mbps":5.304531735918782,"ok":true,"reason":"","rtt_ms":15.04066703130099,"t_done":203.2248512039446},"flow0.8":{"goodput_mbps":4.731281767666369,"ok":true,"reason":"","rtt_ms":15.925798501464751,"t_done":203.57949642791735},"flow0.9":{"goodput_mbps":4.479060620991596,"ok":true,"reason":"","rtt_ms":16.368057907889416,"t_done":203.76493147215666}},"t_sim":203.7}
orchestrator  | 172.18.0.3 - - [24/Mar/2026 21:14:18] "POST /v1/round/configure_fit HTTP/1.1" 200 -
fl_server     | [round 9] dispatch_fit=9 selected=9
fl_server     | [92mINFO [0m:      configure_fit: strategy sampled 9 clients (out of 9)
fl_client-8   | [92mINFO [0m:      
fl_client-8   | [92mINFO [0m:      Received: train message bd733850-7a83-407a-b409-35d706ee4c85
fl_client-2   | [92mINFO [0m:      
fl_client-2   | [92mINFO [0m:      Received: train message ab8a990e-9c97-4801-9c56-0b31cabe6130
fl_client-5   | [92mINFO [0m:      
fl_client-5   | [92mINFO [0m:      Received: train message 11b3049e-0a65-4b9a-97d9-790c7d5263d7
fl_client-9   | [92mINFO [0m:      
fl_client-9   | [92mINFO [0m:      Received: train message cfcabf3c-eb79-4e97-a9c4-54dc5ea2e913
fl_client-6   | [92mINFO [0m:      
fl_client-6   | [92mINFO [0m:      Received: train message 0ffbd2a1-e7c7-4add-9194-641b5933c6d5
fl_client-3   | [92mINFO [0m:      
fl_client-3   | [92mINFO [0m:      Received: train message 97bb12a9-4722-4ee3-a14a-10c4235b9209
fl_client-4   | [92mINFO [0m:      
fl_client-4   | [92mINFO [0m:      Received: train message 9c1e669d-8427-4064-8eea-27460bf3b4f6
fl_client-7   | [92mINFO [0m:      
fl_client-7   | [92mINFO [0m:      Received: train message 13926234-28d7-45b3-a87a-a37216a19fa5
fl_client-10  | [92mINFO [0m:      
fl_client-10  | [92mINFO [0m:      Received: train message acb0475a-f721-4687-bd4c-6c2590236d4e
fl_client-1   | Files already downloaded and verified
fl_client-1   | [93mWARNING [0m:   DEPRECATED FEATURE: flwr.client.start_client() is deprecated.
fl_client-1   | 	Instead, use the `flower-supernode` CLI command to start a SuperNode as shown below:
fl_client-1   | 
fl_client-1   | 		$ flower-supernode --insecure --superlink='<IP>:<PORT>'
fl_client-1   | 
fl_client-1   | 	To view all available options, run:
fl_client-1   | 
fl_client-1   | 		$ flower-supernode --help
fl_client-1   | 
fl_client-1   | 	Using `start_client()` is deprecated.
fl_client-1   | 
fl_client-1   |             This is a deprecated feature. It will be removed
fl_client-1   |             entirely in future versions of Flower.
fl_client-1   |         
fl_client-10  | [92mINFO [0m:      Sent reply
fl_client-8   | [92mINFO [0m:      Sent reply
fl_client-2   | [92mINFO [0m:      Sent reply
fl_client-5   | [92mINFO [0m:      Sent reply
fl_client-9   | [92mINFO [0m:      Sent reply
fl_client-3   | [92mINFO [0m:      Sent reply
fl_client-4   | [92mINFO [0m:      Sent reply
fl_client-6   | [92mINFO [0m:      Sent reply
fl_client-7   | [92mINFO [0m:      Sent reply
fl_server     | [92mINFO [0m:      aggregate_fit: received 9 results and 0 failures
orchestrator  | --- [RPC DEBUG] Connecting to 172.17.0.1:10001 ...
orchestrator  | --- [RPC DEBUG] Sending: {"cmd": "simulate_uplink", "veh_ids": ["flow0.0", "flow0.9", "flow0.4", "flow0.6", "flow0.3", "flow0.5", "flow0.1", "flow0.2", "flow0.8"], "start_times": {"flow0.0": 204.08089900869948, "flow0.9": 205.70493147215666, "flow0.4": 206.60371603175744, "flow0.6": 208.6948512039446, "flow0.3": 208.84847253747665, "flow0.5": 209.51146513384825, "flow0.1": 209.11328842453958, "flow0.2": 203.90571481558896, "flow0.8": 211.21949642791733}, "size_bytes": 2000000, "deadline": 225.0}
orchestrator  | --- [RPC DEBUG] Received raw: {"cmd":"simulate_uplink","deadline":225.0,"ok":true,"results":{"flow0.0":{"goodput_mbps":7.609411736403452,"ok":true,"reason":"","rtt_ms":12.557843923232845,"t_done":206.2802679656665},"flow0.1":{"goodput_mbps":8.099292230660295,"ok":true,"reason":"","rtt_ms":12.172144195093933,"t_done":211.20542664701412},"flow0.2":{"goodput_mbps":7.152454584903022,"ok":true,"reason":"","rtt_ms":12.952782367462548,"t_done":206.33070833898947},"flow0.3":{"goodput_mbps":7.869380472744382,"ok":true,"reason":"","rtt_ms":12.348674733369402,"t_done":211.00783187446757},"flow0.4":{"goodput_mbps":7.265113964397869,"ok":true,"reason":"","rtt_ms":12.851961248693598,"t_done":209.0213590593018},"flow0.5":{"goodput_mbps":7.391294174949215,"ok":true,"reason":"","rtt_ms":12.741788125222717,"t_done":211.81790430699516},"flow0.6":{"goodput_mbps":7.072831816107472,"ok":true,"reason":"","rtt_ms":13.025486629751175,"t_done":211.08666627680924},"flow0.8":{"goodput_mbps":6.789540671113222,"ok":true,"reason":"","rtt_ms":13.294451559002937,"t_done":213.7401134646941},"flow0.9":{"goodput_mbps":5.349794351898361,"ok":true,"reason":"","rtt_ms":14.976905139606512,"t_done":208.91732851655638}},"t_sim":225.0}
orchestrator  | 172.18.0.3 - - [24/Mar/2026 21:15:31] "POST /v1/round/decide_commit HTTP/1.1" 200 -
fl_server     | [92mINFO [0m:      configure_evaluate: no clients selected, skipping evaluation
fl_server     | [92mINFO [0m:      
fl_server     | [92mINFO [0m:      [ROUND 10]
orchestrator  | 172.18.0.3 - - [24/Mar/2026 21:15:31] "POST /v1/round/finalize HTTP/1.1" 200 -
orchestrator  | --- [RPC DEBUG] Connecting to 172.17.0.1:10001 ...
orchestrator  | --- [RPC DEBUG] Sending: {"cmd": "simulate_uplink", "veh_ids": [], "start_times": {}, "size_bytes": 0, "deadline": 225.0}
orchestrator  | --- [RPC DEBUG] Received raw: {"cmd":"simulate_uplink","deadline":225.0,"ok":true,"results":{},"t_sim":225.0}
fl_server     | [round 10] waiting for >= 1 clients (timeout=60s) ...
orchestrator  | --- [DEBUG] Round 10 Start (t=225.0) ---
orchestrator  | --- [DEBUG] Asking Veins for vehicles at t=225.0...
orchestrator  | --- [RPC DEBUG] Connecting to 172.17.0.1:10001 ...
orchestrator  | --- [RPC DEBUG] Sending: {"cmd": "get_state", "t": 225.0}
orchestrator  | --- [RPC DEBUG] Received raw: {"cmd":"get_state","ok":true,"t_sim":225.0,"vehicles":{"flow0.0":{"in_range":true,"x_m":1045.1620213153074,"y_m":1335.353522380814},"flow0.1":{"in_range":true,"x_m":1058.666174062062,"y_m":1339.8248393516988},"flow0.10":{"in_range":true,"x_m":1514.8565311176935,"y_m":1456.4100542571396},"flow0.11":{"in_range":true,"x_m":1534.5695148995146,"y_m":1473.4618912506849},"flow0.12":{"in_range":false,"x_m":1935.9781049645972,"y_m":1117.2473090067506},"flow0.13":{"in_range":false,"x_m":1951.7761694630608,"y_m":1116.822629854083},"flow0.14":{"in_range":false,"x_m":1967.779613657971,"y_m":1116.3924297410995},"flow0.15":{"in_range":false,"x_m":1984.1227791700512,"y_m":1115.76410632208},"flow0.16":{"in_range":false,"x_m":2001.1152764201397,"y_m":1114.2994277272373},"flow0.17":{"in_range":false,"x_m":2174.4973142043455,"y_m":1212.7614843612537},"flow0.18":{"in_range":false,"x_m":2180.1077689850936,"y_m":1222.3435758100823},"flow0.19":{"in_range":false,"x_m":2185.8502782355063,"y_m":1231.9042539997026},"flow0.2":{"in_range":true,"x_m":1074.7441456557717,"y_m":1337.8909932803363},"flow0.20":{"in_range":false,"x_m":2333.8605981289875,"y_m":1424.949291817844},"flow0.21":{"in_range":true,"x_m":1586.7646486383164,"y_m":1162.3115216428414},"flow0.22":{"in_range":true,"x_m":1343.760242941673,"y_m":1167.0911893332377},"flow0.23":{"in_range":false,"x_m":1827.1373142533703,"y_m":1123.4284347482026},"flow0.24":{"in_range":false,"x_m":1842.5458899063524,"y_m":1121.3833295041695},"flow0.25":{"in_range":false,"x_m":1858.0265436359914,"y_m":1119.657901220955},"flow0.26":{"in_range":false,"x_m":1873.557817345718,"y_m":1119.1536668250337},"flow0.27":{"in_range":false,"x_m":1889.1193390565459,"y_m":1118.65099433437},"flow0.28":{"in_range":false,"x_m":1904.7016991415294,"y_m":1118.1476487163454},"flow0.29":{"in_range":false,"x_m":1920.3160534788622,"y_m":1117.6680118683726},"flow0.3":{"in_range":true,"x_m":1088.83601815172,"y_m":1342.3185412436724},"flow0.30":{"in_range":false,"x_m":2061.4739801754477,"y_m":1992.5187638178468},"flow0.31":{"in_range":false,"x_m":2069.3494940226665,"y_m":2005.755913881585},"flow0.32":{"in_range":false,"x_m":2083.6859044343,"y_m":2016.230017787777},"flow0.33":{"in_range":false,"x_m":2097.4797764301766,"y_m":2030.9549915585667},"flow0.34":{"in_range":false,"x_m":2111.4009992791107,"y_m":2045.8159125074744},"flow0.35":{"in_range":false,"x_m":2125.247151460848,"y_m":2060.5966954352334},"flow0.36":{"in_range":false,"x_m":2136.9777905931696,"y_m":2073.1191658191383},"flow0.37":{"in_range":false,"x_m":2146.7741493795766,"y_m":2079.7224374115467},"flow0.38":{"in_range":false,"x_m":2156.446861806442,"y_m":2085.4166104895994},"flow0.39":{"in_range":false,"x_m":2165.5766275841743,"y_m":2090.791159449145},"flow0.4":{"in_range":true,"x_m":1109.3468280131929,"y_m":1340.419553921558},"flow0.40":{"in_range":false,"x_m":2193.3719883152517,"y_m":2103.3754574134946},"flow0.41":{"in_range":false,"x_m":2198.108027735143,"y_m":2104.98170146998},"flow0.42":{"in_range":false,"x_m":2413.379161780933,"y_m":1487.1953640859574},"flow0.43":{"in_range":false,"x_m":2426.224867218756,"y_m":1489.5103161921725},"flow0.44":{"in_range":false,"x_m":2438.342464643647,"y_m":1503.4727880014107},"flow0.45":{"in_range":false,"x_m":2437.7634874207433,"y_m":1528.658297199756},"flow0.46":{"in_range":false,"x_m":2436.522352042375,"y_m":1591.5660327309743},"flow0.47":{"in_range":false,"x_m":2439.3270593230845,"y_m":1749.3829061901197},"flow0.48":{"in_range":false,"x_m":2441.975927598076,"y_m":1766.8443446289748},"flow0.49":{"in_range":false,"x_m":2443.4926169940736,"y_m":1784.4112345995381},"flow0.5":{"in_range":true,"x_m":1129.0331786480965,"y_m":1342.194168964401},"flow0.50":{"in_range":false,"x_m":2445.4612945124973,"y_m":1811.5275675347075},"flow0.51":{"in_range":false,"x_m":2262.8996243294096,"y_m":1346.4593189824373},"flow0.52":{"in_range":false,"x_m":2254.4213483372005,"y_m":1336.5341211510822},"flow0.53":{"in_range":false,"x_m":2306.690249033738,"y_m":1397.468531301245},"flow0.54":{"in_range":false,"x_m":2315.4511443465017,"y_m":1406.329516677186},"flow0.55":{"in_range":false,"x_m":2324.2375837463187,"y_m":1415.2163379723206},"flow0.56":{"in_range":false,"x_m":2402.596394900931,"y_m":1483.8482393845916},"flow0.57":{"in_range":false,"x_m":2436.125999026466,"y_m":1654.3309760764241},"flow0.58":{"in_range":false,"x_m":2436.028321307269,"y_m":1669.798845037818},"flow0.59":{"in_range":false,"x_m":2435.9429108656477,"y_m":1683.3241149727255},"flow0.6":{"in_range":true,"x_m":1149.1254447749816,"y_m":1344.313080404885},"flow0.60":{"in_range":false,"x_m":2431.68002070277,"y_m":1710.8780599636957},"flow0.61":{"in_range":false,"x_m":2426.625637552468,"y_m":1701.1291683223099},"flow0.62":{"in_range":false,"x_m":2416.19863356906,"y_m":1700.3072585612535},"flow0.63":{"in_range":false,"x_m":2406.8961394091602,"y_m":1699.4276456171647},"flow0.64":{"in_range":false,"x_m":2398.4866097959457,"y_m":1698.632468434982},"flow0.65":{"in_range":false,"x_m":2319.5628453296376,"y_m":1667.107641691342},"flow0.66":{"in_range":false,"x_m":2338.8784947355743,"y_m":1670.306967344135},"flow0.67":{"in_range":false,"x_m":2347.5522206424503,"y_m":1677.3232764266431},"flow0.68":{"in_range":false,"x_m":2357.177538778982,"y_m":1685.9999758247286},"flow0.69":{"in_range":false,"x_m":2269.7266445886344,"y_m":1708.6527857482433},"flow0.7":{"in_range":true,"x_m":1196.4291526591405,"y_m":1349.301684834063},"flow0.70":{"in_range":false,"x_m":2300.7546767997555,"y_m":1678.967362430878},"flow0.71":{"in_range":false,"x_m":2335.560881501762,"y_m":1656.0772372996435},"flow0.72":{"in_range":false,"x_m":2359.3585812692763,"y_m":1629.9716539327055},"flow0.73":{"in_range":false,"x_m":2388.4003397854976,"y_m":1600.5563535047695},"flow0.74":{"in_range":false,"x_m":2407.096447571297,"y_m":1581.6197719946504},"flow0.8":{"in_range":true,"x_m":1191.7206468170043,"y_m":1352.1263899486512},"flow0.9":{"in_range":true,"x_m":1214.7947167309467,"y_m":1354.5583367953077}}}
orchestrator  | [Round 10] Debug: Veins_in_range=14, Flower_connected=10
orchestrator  | --- [DEBUG] Veins response: Total Vehicles=75, In-Range (Radius=500.0)=14
orchestrator  | --- [DEBUG] Sample Vehicle Pos: x=1045.1620213153074, y=1335.353522380814
orchestrator  | --- [RPC DEBUG] Connecting to 172.17.0.1:10001 ...
orchestrator  | --- [RPC DEBUG] Sending: {"cmd": "simulate_downlink", "t_now": 225.0, "veh_ids": ["flow0.10", "flow0.9", "flow0.5", "flow0.11", "flow0.6", "flow0.1", "flow0.8", "flow0.22", "flow0.21", "flow0.3"], "size_bytes": 2000000, "deadline": 250.0}
orchestrator  | --- [RPC DEBUG] Received raw: {"cmd":"simulate_downlink","deadline":250.0,"ok":true,"results":{"flow0.1":{"goodput_mbps":5.5392989576171034,"ok":true,"reason":"","rtt_ms":14.71848876317652,"t_done":227.78374056059243},"flow0.10":{"goodput_mbps":4.759300797905012,"ok":true,"reason":"","rtt_ms":15.878849995216164,"t_done":228.56055511350047},"flow0.11":{"goodput_mbps":4.4612858762434096,"ok":true,"reason":"","rtt_ms":16.400632466542838,"t_done":228.77886156811277},"flow0.21":{"goodput_mbps":4.520406189761444,"ok":true,"reason":"","rtt_ms":16.293031327692912,"t_done":228.7008229348965},"flow0.22":{"goodput_mbps":8.051220096244425,"ok":true,"reason":"","rtt_ms":12.208428764668794,"t_done":227.06487463934113},"flow0.3":{"goodput_mbps":5.963037567774047,"ok":true,"reason":"","rtt_ms":14.185898570098033,"t_done":227.57889267754112},"flow0.5":{"goodput_mbps":6.608160947427567,"ok":true,"reason":"","rtt_ms":13.475668442693994,"t_done":227.31949589318796},"flow0.6":{"goodput_mbps":6.933580139061055,"ok":true,"reason":"","rtt_ms":13.155636141231124,"t_done":227.21330568020412},"flow0.8":{"goodput_mbps":7.527646532020336,"ok":true,"reason":"","rtt_ms":12.625861294520714,"t_done":227.05663390253335},"flow0.9":{"goodput_mbps":7.953161400141046,"ok":true,"reason":"","rtt_ms":12.283460256605107,"t_done":226.99914447354055}},"t_sim":228.7}
orchestrator  | 172.18.0.3 - - [24/Mar/2026 21:15:32] "POST /v1/round/configure_fit HTTP/1.1" 200 -
fl_server     | [round 10] dispatch_fit=10 selected=10
fl_server     | [92mINFO [0m:      configure_fit: strategy sampled 10 clients (out of 10)
fl_client-8   | [92mINFO [0m:      
fl_client-8   | [92mINFO [0m:      Received: train message 4ee6108d-3158-48fc-8491-98af1e5fadc2
fl_client-2   | [92mINFO [0m:      
fl_client-2   | [92mINFO [0m:      Received: train message 8ce6c0c5-27ee-4b80-a73d-0bd5140979df
fl_client-1   | [92mINFO [0m:      
fl_client-1   | [92mINFO [0m:      Received: train message 4f60fd99-5c47-4639-92b4-813cb3276eb2
fl_client-6   | [92mINFO [0m:      
fl_client-6   | [92mINFO [0m:      Received: train message 598f1a90-9dbd-4f2f-a124-f19b8c4ddd0f
fl_client-4   | [92mINFO [0m:      
fl_client-4   | [92mINFO [0m:      Received: train message df200a65-d882-47a7-bffc-151f92d1eff0
fl_client-7   | [92mINFO [0m:      
fl_client-7   | [92mINFO [0m:      Received: train message 562f408a-93dd-4c63-a291-e7b079bb1b4c
fl_client-5   | [92mINFO [0m:      
fl_client-5   | [92mINFO [0m:      Received: train message c47265f2-498c-4a29-8655-0c03153502bf
fl_client-3   | [92mINFO [0m:      
fl_client-3   | [92mINFO [0m:      Received: train message 51acae27-c562-4ae8-ab5a-e03d27b15401
fl_client-10  | [92mINFO [0m:      
fl_client-10  | [92mINFO [0m:      Received: train message 40061da1-d100-4ed3-b019-0681db53e2ef
fl_client-9   | [92mINFO [0m:      
fl_client-9   | [92mINFO [0m:      Received: train message efa345d1-b540-4301-b13e-b85175cde09f
fl_client-2   | [92mINFO [0m:      Sent reply
fl_client-1   | [92mINFO [0m:      Sent reply
fl_client-5   | [92mINFO [0m:      Sent reply
fl_client-8   | [92mINFO [0m:      Sent reply
fl_client-3   | [92mINFO [0m:      Sent reply
fl_client-9   | [92mINFO [0m:      Sent reply
fl_client-10  | [92mINFO [0m:      Sent reply
fl_client-6   | [92mINFO [0m:      Sent reply
fl_client-4   | [92mINFO [0m:      Sent reply
fl_client-7   | [92mINFO [0m:      Sent reply
fl_server     | [92mINFO [0m:      aggregate_fit: received 10 results and 0 failures
orchestrator  | --- [RPC DEBUG] Connecting to 172.17.0.1:10001 ...
orchestrator  | --- [RPC DEBUG] Sending: {"cmd": "simulate_uplink", "veh_ids": ["flow0.10", "flow0.9", "flow0.5", "flow0.11", "flow0.6", "flow0.1", "flow0.8", "flow0.22", "flow0.21", "flow0.3"], "start_times": {"flow0.10": 231.42055511350048, "flow0.9": 228.93914447354055, "flow0.5": 233.75949589318796, "flow0.11": 231.25886156811276, "flow0.6": 232.6833056802041, "flow0.1": 234.31374056059244, "flow0.8": 234.69663390253334, "flow0.22": 229.33487463934114, "flow0.21": 233.0708229348965, "flow0.3": 233.63889267754112}, "size_bytes": 2000000, "deadline": 250.0}
orchestrator  | 172.18.0.3 - - [24/Mar/2026 21:16:50] "POST /v1/round/decide_commit HTTP/1.1" 200 -
orchestrator  | --- [RPC DEBUG] Received raw: {"cmd":"simulate_uplink","deadline":250.0,"ok":true,"results":{"flow0.1":{"goodput_mbps":3.879964966460559,"ok":true,"reason":"","rtt_ms":17.586390849067534,"t_done":238.25140664973114},"flow0.10":{"goodput_mbps":5.923685547061277,"ok":true,"reason":"","rtt_ms":14.232940205778302,"t_done":234.3620181468245},"flow0.11":{"goodput_mbps":5.524710689060452,"ok":true,"reason":"","rtt_ms":14.737908396427397,"t_done":234.37470581234547},"flow0.21":{"goodput_mbps":5.7722033906191115,"ok":true,"reason":"","rtt_ms":14.418490984950001,"t_done":236.044186939153},"flow0.22":{"goodput_mbps":9.310581850079622,"ok":true,"reason":"","rtt_ms":11.35277973549909,"t_done":231.19798227594038},"flow0.3":{"goodput_mbps":4.282125868779158,"ok":true,"reason":"","rtt_ms":16.74021026459787,"t_done":237.19537132081464},"flow0.5":{"goodput_mbps":4.868764411764581,"ok":true,"reason":"","rtt_ms":15.6993344940938,"t_done":236.9621019984597},"flow0.6":{"goodput_mbps":5.28468321140856,"ok":true,"reason":"","rtt_ms":15.068885871256642,"t_done":235.5905726948716},"flow0.8":{"goodput_mbps":5.4627679550145665,"ok":true,"reason":"","rtt_ms":14.821229987084207,"t_done":237.49222723794034},"flow0.9":{"goodput_mbps":7.052466728683672,"ok":true,"reason":"","rtt_ms":13.044279625280138,"t_done":231.1806129290462}},"t_sim":250.0}
orchestrator  | --- [RPC DEBUG] Connecting to 172.17.0.1:10001 ...
orchestrator  | --- [RPC DEBUG] Sending: {"cmd": "simulate_uplink", "veh_ids": [], "start_times": {}, "size_bytes": 0, "deadline": 250.0}
fl_server     | [92mINFO [0m:      configure_evaluate: no clients selected, skipping evaluation
fl_server     | [92mINFO [0m:      
fl_server     | [92mINFO [0m:      [SUMMARY]
fl_server     | [92mINFO [0m:      Run finished 10 round(s) in 186.53s
fl_server     | [92mINFO [0m:      	History (metrics, distributed, fit):
fl_server     | [92mINFO [0m:      	{'agg_scalar': [(9, 8.867927344626558), (10, 8.870707158216568)],
fl_server     | [92mINFO [0m:      	 'dropped': [(9, 0), (10, 0)],
fl_server     | [92mINFO [0m:      	 'kept': [(9, 9), (10, 10)],
fl_server     | [92mINFO [0m:      	 'train_acc': [(9, 0.5151515151515151), (10, 0.5295267042987408)],
fl_server     | [92mINFO [0m:      	 'train_loss': [(9, 1.3727909860777778), (10, 1.349873886799947)],
fl_server     | [92mINFO [0m:      	 'val_acc': [(9, 0.5176470588235295), (10, 0.5259515570934256)],
fl_server     | [92mINFO [0m:      	 'val_loss': [(9, 1.3941054842051337), (10, 1.3743148190339955)]}
fl_server     | [92mINFO [0m:      
orchestrator  | 172.18.0.3 - - [24/Mar/2026 21:16:50] "POST /v1/round/finalize HTTP/1.1" 200 -
orchestrator  | --- [RPC DEBUG] Received raw: {"cmd":"simulate_uplink","deadline":250.0,"ok":true,"results":{},"t_sim":250.0}
fl_client-8   | [92mINFO [0m:      
fl_client-8   | [92mINFO [0m:      Received: reconnect message 1419bb85-e824-437e-afd6-94c06dcf087e
fl_client-2   | [92mINFO [0m:      
fl_client-2   | [92mINFO [0m:      Received: reconnect message 93b69264-8a28-4594-8b36-8b1f9052f1cc
fl_client-9   | [92mINFO [0m:      
fl_client-9   | [92mINFO [0m:      Received: reconnect message abca7be1-0865-46b9-850b-d98c3b372f05
fl_client-8   | [92mINFO [0m:      Disconnect and shut down
fl_client-3   | [92mINFO [0m:      
fl_client-3   | [92mINFO [0m:      Received: reconnect message 6732901c-a38b-490a-963e-d7663451c189
fl_client-2   | [92mINFO [0m:      Disconnect and shut down
fl_client-10  | [92mINFO [0m:      
fl_client-10  | [92mINFO [0m:      Received: reconnect message 6b8aefb5-c4d5-476d-82c1-6431ab63ae3f
fl_client-6   | [92mINFO [0m:      
fl_client-6   | [92mINFO [0m:      Received: reconnect message 9ce3c4c5-4f42-41d7-a4e2-28faa04c6ef6
fl_client-6   | [92mINFO [0m:      Disconnect and shut down
fl_client-1   | [92mINFO [0m:      
fl_client-1   | [92mINFO [0m:      Received: reconnect message 33f4f186-c36a-4913-835f-0a9e8abab9fb
fl_client-7   | [92mINFO [0m:      
fl_client-7   | [92mINFO [0m:      Received: reconnect message 0e148263-d0a9-41ba-898f-1349df62dffb
fl_client-10  | [92mINFO [0m:      Disconnect and shut down
fl_client-4   | [92mINFO [0m:      
fl_client-4   | [92mINFO [0m:      Received: reconnect message 243d79bc-0853-4d1c-9792-655c45eec2c1
fl_client-3   | [92mINFO [0m:      Disconnect and shut down
fl_client-9   | [92mINFO [0m:      Disconnect and shut down
fl_client-1   | [92mINFO [0m:      Disconnect and shut down
fl_client-5   | [92mINFO [0m:      
fl_client-5   | [92mINFO [0m:      Received: reconnect message 8c4aa5f3-e8fe-4038-a499-bf4f94b80b68
fl_client-7   | [92mINFO [0m:      Disconnect and shut down
fl_client-4   | [92mINFO [0m:      Disconnect and shut down
fl_client-5   | [92mINFO [0m:      Disconnect and shut down
[Kfl_client-6 exited with code 0
[Kfl_client-9 exited with code 0
[Kfl_client-3 exited with code 0
[Kfl_server exited with code 0
[Kfl_client-4 exited with code 0
[Kfl_client-5 exited with code 0
[Kfl_client-10 exited with code 0
[Kfl_client-1 exited with code 0
[Kfl_client-7 exited with code 0
[Kfl_client-2 exited with code 0
[Kfl_client-8 exited with code 0
[Korchestrator exited with code 137
